[23-Jun-2026 16:47:52 UTC] PHP Warning:  PHP Startup: curl: Unable to initialize module
Module compiled with module API=20220829
PHP    compiled with module API=20230831
These options need to match
 in Unknown on line 0
[23-Jun-2026 16:47:52 UTC] PHP Warning:  PHP Startup: gettext: Unable to initialize module
Module compiled with module API=20220829
PHP    compiled with module API=20230831
These options need to match
 in Unknown on line 0
[23-Jun-2026 16:47:52 UTC] PHP Warning:  PHP Startup: openssl: Unable to initialize module
Module compiled with module API=20220829
PHP    compiled with module API=20230831
These options need to match
 in Unknown on line 0
[23-Jun-2026 16:47:52 UTC] PHP Warning:  PHP Startup: exif: Unable to initialize module
Module compiled with module API=20220829
PHP    compiled with module API=20230831
These options need to match
 in Unknown on line 0
[23-Jun-2026 16:47:52 UTC] PHP Warning:  PHP Startup: gd: Unable to initialize module
Module compiled with module API=20220829
PHP    compiled with module API=20230831
These options need to match
 in Unknown on line 0
[23-Jun-2026 16:47:52 UTC] PHP Warning:  PHP Startup: ftp: Unable to initialize module
Module compiled with module API=20220829
PHP    compiled with module API=20230831
These options need to match
 in Unknown on line 0
[23-Jun-2026 16:47:52 UTC] PHP Warning:  PHP Startup: FFI: Unable to initialize module
Module compiled with module API=20220829
PHP    compiled with module API=20230831
These options need to match
 in Unknown on line 0
[23-Jun-2026 16:47:52 UTC] PHP Warning:  PHP Startup: bz2: Unable to initialize module
Module compiled with module API=20220829
PHP    compiled with module API=20230831
These options need to match
 in Unknown on line 0
[23-Jun-2026 16:47:52 UTC] PHP Warning:  PHP Startup: mbstring: Unable to initialize module
Module compiled with module API=20220829
PHP    compiled with module API=20230831
These options need to match
 in Unknown on line 0
[23-Jun-2026 16:47:52 UTC] PHP Warning:  PHP Startup: sodium: Unable to initialize module
Module compiled with module API=20220829
PHP    compiled with module API=20230831
These options need to match
 in Unknown on line 0
[23-Jun-2026 16:47:52 UTC] PHP Warning:  PHP Startup: tidy: Unable to initialize module
Module compiled with module API=20220829
PHP    compiled with module API=20230831
These options need to match
 in Unknown on line 0
[23-Jun-2026 16:47:52 UTC] PHP Warning:  PHP Startup: xsl: Unable to initialize module
Module compiled with module API=20220829
PHP    compiled with module API=20230831
These options need to match
 in Unknown on line 0
[23-Jun-2026 16:47:52 UTC] PHP Warning:  PHP Startup: soap: Unable to initialize module
Module compiled with module API=20220829
PHP    compiled with module API=20230831
These options need to match
 in Unknown on line 0
[23-Jun-2026 16:47:52 UTC] PHP Warning:  PHP Startup: mysqli: Unable to initialize module
Module compiled with module API=20220829
PHP    compiled with module API=20230831
These options need to match
 in Unknown on line 0
[23-Jun-2026 16:47:52 UTC] PHP Warning:  PHP Startup: pdo_mysql: Unable to initialize module
Module compiled with module API=20220829
PHP    compiled with module API=20230831
These options need to match
 in Unknown on line 0
[23-Jun-2026 16:47:52 UTC] PHP Warning:  PHP Startup: fileinfo: Unable to initialize module
Module compiled with module API=20220829
PHP    compiled with module API=20230831
These options need to match
 in Unknown on line 0
[23-Jun-2026 16:47:52 UTC] PHP Warning:  PHP Startup: pdo_sqlite: Unable to initialize module
Module compiled with module API=20220829
PHP    compiled with module API=20230831
These options need to match
 in Unknown on line 0
[23-Jun-2026 16:47:52 UTC] PHP Warning:  PHP Startup: sqlite3: Unable to initialize module
Module compiled with module API=20220829
PHP    compiled with module API=20230831
These options need to match
 in Unknown on line 0
[23-Jun-2026 16:47:52 UTC] PHP Warning:  PHP Startup: zip: Unable to initialize module
Module compiled with module API=20220829
PHP    compiled with module API=20230831
These options need to match
 in Unknown on line 0
[23-Jun-2026 16:47:52 UTC] PHP Warning:  PHP Startup: imagick: Unable to initialize module
Module compiled with module API=20220829
PHP    compiled with module API=20230831
These options need to match
 in Unknown on line 0
[23-Jun-2026 16:47:52 UTC] PHP Warning:  PHP Startup: Unable to load dynamic library 'php_intl.dll' (tried: C:/Users/User/AppData/Roaming/Local/lightning-services/php-8.2.29+0/bin/win64/ext\php_intl.dll (The specified module could not be found), C:/Users/User/AppData/Roaming/Local/lightning-services/php-8.2.29+0/bin/win64/ext\php_php_intl.dll.dll (The specified module could not be found)) in Unknown on line 0
