[10-Jun-2026 15:48:47 UTC] PHP Parse error:  syntax error, unexpected end of file in C:\Users\User\Work\FrontEnd-study\wordpress-repo\wp-projects\e-portfolio\app\public\wp-content\themes\e-portfolio\functions.php on line 28
[10-Jun-2026 15:50:48 UTC] PHP Parse error:  syntax error, unexpected end of file in C:\Users\User\Work\FrontEnd-study\wordpress-repo\wp-projects\e-portfolio\app\public\wp-content\themes\e-portfolio\functions.php on line 28
[10-Jun-2026 15:51:17 UTC] PHP Parse error:  syntax error, unexpected end of file in C:\Users\User\Work\FrontEnd-study\wordpress-repo\wp-projects\e-portfolio\app\public\wp-content\themes\e-portfolio\functions.php on line 28
[10-Jun-2026 15:51:18 UTC] PHP Parse error:  syntax error, unexpected end of file in C:\Users\User\Work\FrontEnd-study\wordpress-repo\wp-projects\e-portfolio\app\public\wp-content\themes\e-portfolio\functions.php on line 28
[10-Jun-2026 15:58:10 UTC] PHP Parse error:  syntax error, unexpected end of file in C:\Users\User\Work\FrontEnd-study\wordpress-repo\wp-projects\e-portfolio\app\public\wp-content\themes\e-portfolio\functions.php on line 31
[10-Jun-2026 16:00:10 UTC] PHP Fatal error:  Uncaught ArgumentCountError: _() expects exactly 1 argument, 2 given in C:\Users\User\Work\FrontEnd-study\wordpress-repo\wp-projects\e-portfolio\app\public\wp-content\themes\e-portfolio\functions.php:32
Stack trace:
#0 C:\Users\User\Work\FrontEnd-study\wordpress-repo\wp-projects\e-portfolio\app\public\wp-content\themes\e-portfolio\functions.php(32): _('Main Menu', 'The main menu o...')
#1 C:\Users\User\Work\FrontEnd-study\wordpress-repo\wp-projects\e-portfolio\app\public\wp-settings.php(739): include('C:\\Users\\User\\W...')
#2 C:\Users\User\Work\FrontEnd-study\wordpress-repo\wp-projects\e-portfolio\app\public\wp-config.php(103): require_once('C:\\Users\\User\\W...')
#3 C:\Users\User\Work\FrontEnd-study\wordpress-repo\wp-projects\e-portfolio\app\public\wp-load.php(50): require_once('C:\\Users\\User\\W...')
#4 C:\Users\User\Work\FrontEnd-study\wordpress-repo\wp-projects\e-portfolio\app\public\wp-admin\admin-ajax.php(22): require_once('C:\\Users\\User\\W...')
#5 {main}
  thrown in C:\Users\User\Work\FrontEnd-study\wordpress-repo\wp-projects\e-portfolio\app\public\wp-content\themes\e-portfolio\functions.php on line 32
[10-Jun-2026 16:02:10 UTC] PHP Parse error:  syntax error, unexpected token ";", expecting ")" in C:\Users\User\Work\FrontEnd-study\wordpress-repo\wp-projects\e-portfolio\app\public\wp-content\themes\e-portfolio\functions.php on line 32
[10-Jun-2026 18:54:50 UTC] PHP Parse error:  syntax error, unexpected end of file, expecting "elseif" or "else" or "endif" in C:\Users\User\Work\FrontEnd-study\wordpress-repo\wp-projects\e-portfolio\app\public\wp-content\themes\e-portfolio\header.php on line 52
[13-Jun-2026 12:20:22 UTC] PHP Warning:  Undefined array key "Information" in C:\Users\User\Work\FrontEnd-study\wordpress-repo\wp-projects\e-portfolio\app\public\wp-content\themes\e-portfolio\front-page.php on line 19
[20-Jun-2026 10:47:17 UTC] PHP Warning:  Undefined array key "place_image" in C:\Users\User\Work\FrontEnd-study\wordpress-repo\wp-projects\e-portfolio\app\public\wp-content\themes\e-portfolio\front-page.php on line 144
[20-Jun-2026 10:47:17 UTC] PHP Warning:  Trying to access array offset on value of type null in C:\Users\User\Work\FrontEnd-study\wordpress-repo\wp-projects\e-portfolio\app\public\wp-content\themes\e-portfolio\front-page.php on line 156
[20-Jun-2026 10:55:36 UTC] PHP Warning:  Undefined array key "place_image" in C:\Users\User\Work\FrontEnd-study\wordpress-repo\wp-projects\e-portfolio\app\public\wp-content\themes\e-portfolio\front-page.php on line 144
[20-Jun-2026 10:55:36 UTC] PHP Warning:  Trying to access array offset on value of type null in C:\Users\User\Work\FrontEnd-study\wordpress-repo\wp-projects\e-portfolio\app\public\wp-content\themes\e-portfolio\front-page.php on line 156
[20-Jun-2026 10:55:54 UTC] PHP Warning:  Undefined array key "place_image" in C:\Users\User\Work\FrontEnd-study\wordpress-repo\wp-projects\e-portfolio\app\public\wp-content\themes\e-portfolio\front-page.php on line 144
[20-Jun-2026 10:55:54 UTC] PHP Warning:  Trying to access array offset on value of type null in C:\Users\User\Work\FrontEnd-study\wordpress-repo\wp-projects\e-portfolio\app\public\wp-content\themes\e-portfolio\front-page.php on line 156
[20-Jun-2026 11:02:46 UTC] PHP Warning:  Undefined array key "place_image" in C:\Users\User\Work\FrontEnd-study\wordpress-repo\wp-projects\e-portfolio\app\public\wp-content\themes\e-portfolio\front-page.php on line 144
[20-Jun-2026 11:12:39 UTC] PHP Warning:  Trying to access array offset on value of type bool in C:\Users\User\Work\FrontEnd-study\wordpress-repo\wp-projects\e-portfolio\app\public\wp-content\themes\e-portfolio\front-page.php on line 156
[20-Jun-2026 11:15:10 UTC] PHP Warning:  Undefined array key "place_image" in C:\Users\User\Work\FrontEnd-study\wordpress-repo\wp-projects\e-portfolio\app\public\wp-content\themes\e-portfolio\front-page.php on line 144
[20-Jun-2026 11:18:52 UTC] PHP Warning:  Undefined array key "country" in C:\Users\User\Work\FrontEnd-study\wordpress-repo\wp-projects\e-portfolio\app\public\wp-content\themes\e-portfolio\front-page.php on line 145
[20-Jun-2026 11:18:52 UTC] PHP Warning:  Undefined variable $place_image in C:\Users\User\Work\FrontEnd-study\wordpress-repo\wp-projects\e-portfolio\app\public\wp-content\themes\e-portfolio\front-page.php on line 157
[20-Jun-2026 11:18:52 UTC] PHP Warning:  Trying to access array offset on value of type null in C:\Users\User\Work\FrontEnd-study\wordpress-repo\wp-projects\e-portfolio\app\public\wp-content\themes\e-portfolio\front-page.php on line 158
[20-Jun-2026 11:25:52 UTC] PHP Warning:  Undefined variable $country in C:\Users\User\Work\FrontEnd-study\wordpress-repo\wp-projects\e-portfolio\app\public\wp-content\themes\e-portfolio\front-page.php on line 156
[20-Jun-2026 11:25:52 UTC] PHP Warning:  Trying to access array offset on value of type null in C:\Users\User\Work\FrontEnd-study\wordpress-repo\wp-projects\e-portfolio\app\public\wp-content\themes\e-portfolio\front-page.php on line 156
[20-Jun-2026 11:26:44 UTC] PHP Warning:  Array to string conversion in C:\Users\User\Work\FrontEnd-study\wordpress-repo\wp-projects\e-portfolio\app\public\wp-content\themes\e-portfolio\front-page.php on line 155
[20-Jun-2026 11:26:44 UTC] PHP Warning:  Undefined variable $country in C:\Users\User\Work\FrontEnd-study\wordpress-repo\wp-projects\e-portfolio\app\public\wp-content\themes\e-portfolio\front-page.php on line 156
[20-Jun-2026 11:26:44 UTC] PHP Warning:  Trying to access array offset on value of type null in C:\Users\User\Work\FrontEnd-study\wordpress-repo\wp-projects\e-portfolio\app\public\wp-content\themes\e-portfolio\front-page.php on line 156
[20-Jun-2026 11:27:41 UTC] PHP Warning:  Undefined variable $country in C:\Users\User\Work\FrontEnd-study\wordpress-repo\wp-projects\e-portfolio\app\public\wp-content\themes\e-portfolio\front-page.php on line 156
[20-Jun-2026 11:27:41 UTC] PHP Warning:  Trying to access array offset on value of type null in C:\Users\User\Work\FrontEnd-study\wordpress-repo\wp-projects\e-portfolio\app\public\wp-content\themes\e-portfolio\front-page.php on line 156
[20-Jun-2026 13:33:35 UTC] PHP Parse error:  syntax error, unexpected end of file, expecting "elseif" or "else" or "endif" in C:\Users\User\Work\FrontEnd-study\wordpress-repo\wp-projects\e-portfolio\app\public\wp-content\themes\e-portfolio\front-page.php on line 444
[20-Jun-2026 13:35:52 UTC] PHP Fatal error:  Uncaught TypeError: Cannot access offset of type string on string in C:\Users\User\Work\FrontEnd-study\wordpress-repo\wp-projects\e-portfolio\app\public\wp-content\themes\e-portfolio\front-page.php:188
Stack trace:
#0 C:\Users\User\Work\FrontEnd-study\wordpress-repo\wp-projects\e-portfolio\app\public\wp-includes\template-loader.php(132): include()
#1 C:\Users\User\Work\FrontEnd-study\wordpress-repo\wp-projects\e-portfolio\app\public\wp-blog-header.php(19): require_once('C:\\Users\\User\\W...')
#2 C:\Users\User\Work\FrontEnd-study\wordpress-repo\wp-projects\e-portfolio\app\public\index.php(17): require('C:\\Users\\User\\W...')
#3 {main}
  thrown in C:\Users\User\Work\FrontEnd-study\wordpress-repo\wp-projects\e-portfolio\app\public\wp-content\themes\e-portfolio\front-page.php on line 188
[20-Jun-2026 13:51:19 UTC] PHP Warning:  Array to string conversion in C:\Users\User\Work\FrontEnd-study\wordpress-repo\wp-projects\e-portfolio\app\public\wp-content\themes\e-portfolio\front-page.php on line 200
[20-Jun-2026 13:56:06 UTC] PHP Warning:  Array to string conversion in C:\Users\User\Work\FrontEnd-study\wordpress-repo\wp-projects\e-portfolio\app\public\wp-content\themes\e-portfolio\front-page.php on line 201
[20-Jun-2026 13:57:00 UTC] PHP Warning:  Array to string conversion in C:\Users\User\Work\FrontEnd-study\wordpress-repo\wp-projects\e-portfolio\app\public\wp-content\themes\e-portfolio\front-page.php on line 201
[20-Jun-2026 13:57:26 UTC] PHP Warning:  Array to string conversion in C:\Users\User\Work\FrontEnd-study\wordpress-repo\wp-projects\e-portfolio\app\public\wp-content\themes\e-portfolio\front-page.php on line 201
[20-Jun-2026 14:28:13 UTC] PHP Warning:  Array to string conversion in C:\Users\User\Work\FrontEnd-study\wordpress-repo\wp-projects\e-portfolio\app\public\wp-content\themes\e-portfolio\front-page.php on line 201
[20-Jun-2026 14:31:35 UTC] PHP Warning:  Array to string conversion in C:\Users\User\Work\FrontEnd-study\wordpress-repo\wp-projects\e-portfolio\app\public\wp-content\themes\e-portfolio\front-page.php on line 201
[20-Jun-2026 14:34:25 UTC] PHP Warning:  Array to string conversion in C:\Users\User\Work\FrontEnd-study\wordpress-repo\wp-projects\e-portfolio\app\public\wp-content\themes\e-portfolio\front-page.php on line 201
[20-Jun-2026 14:34:25 UTC] PHP Warning:  Array to string conversion in C:\Users\User\Work\FrontEnd-study\wordpress-repo\wp-projects\e-portfolio\app\public\wp-content\themes\e-portfolio\front-page.php on line 210
[20-Jun-2026 14:38:01 UTC] PHP Warning:  Array to string conversion in C:\Users\User\Work\FrontEnd-study\wordpress-repo\wp-projects\e-portfolio\app\public\wp-content\themes\e-portfolio\front-page.php on line 201
[20-Jun-2026 14:38:01 UTC] PHP Warning:  Array to string conversion in C:\Users\User\Work\FrontEnd-study\wordpress-repo\wp-projects\e-portfolio\app\public\wp-content\themes\e-portfolio\front-page.php on line 210
[20-Jun-2026 14:40:14 UTC] PHP Warning:  Array to string conversion in C:\Users\User\Work\FrontEnd-study\wordpress-repo\wp-projects\e-portfolio\app\public\wp-content\themes\e-portfolio\front-page.php on line 201
[20-Jun-2026 14:40:14 UTC] PHP Warning:  Array to string conversion in C:\Users\User\Work\FrontEnd-study\wordpress-repo\wp-projects\e-portfolio\app\public\wp-content\themes\e-portfolio\front-page.php on line 210
[20-Jun-2026 14:40:38 UTC] PHP Warning:  Array to string conversion in C:\Users\User\Work\FrontEnd-study\wordpress-repo\wp-projects\e-portfolio\app\public\wp-content\themes\e-portfolio\front-page.php on line 201
[20-Jun-2026 14:40:38 UTC] PHP Warning:  Array to string conversion in C:\Users\User\Work\FrontEnd-study\wordpress-repo\wp-projects\e-portfolio\app\public\wp-content\themes\e-portfolio\front-page.php on line 210
[20-Jun-2026 14:41:02 UTC] PHP Warning:  Array to string conversion in C:\Users\User\Work\FrontEnd-study\wordpress-repo\wp-projects\e-portfolio\app\public\wp-content\themes\e-portfolio\front-page.php on line 201
[20-Jun-2026 14:41:02 UTC] PHP Warning:  Array to string conversion in C:\Users\User\Work\FrontEnd-study\wordpress-repo\wp-projects\e-portfolio\app\public\wp-content\themes\e-portfolio\front-page.php on line 210
[20-Jun-2026 14:45:17 UTC] PHP Warning:  Array to string conversion in C:\Users\User\Work\FrontEnd-study\wordpress-repo\wp-projects\e-portfolio\app\public\wp-content\themes\e-portfolio\front-page.php on line 203
[20-Jun-2026 14:45:17 UTC] PHP Warning:  Array to string conversion in C:\Users\User\Work\FrontEnd-study\wordpress-repo\wp-projects\e-portfolio\app\public\wp-content\themes\e-portfolio\front-page.php on line 212
[20-Jun-2026 14:45:23 UTC] PHP Warning:  Array to string conversion in C:\Users\User\Work\FrontEnd-study\wordpress-repo\wp-projects\e-portfolio\app\public\wp-content\themes\e-portfolio\front-page.php on line 203
[20-Jun-2026 14:45:23 UTC] PHP Warning:  Array to string conversion in C:\Users\User\Work\FrontEnd-study\wordpress-repo\wp-projects\e-portfolio\app\public\wp-content\themes\e-portfolio\front-page.php on line 212
[20-Jun-2026 15:25:53 UTC] PHP Fatal error:  Uncaught TypeError: Cannot access offset of type string on string in C:\Users\User\Work\FrontEnd-study\wordpress-repo\wp-projects\e-portfolio\app\public\wp-content\themes\e-portfolio\front-page.php:275
Stack trace:
#0 C:\Users\User\Work\FrontEnd-study\wordpress-repo\wp-projects\e-portfolio\app\public\wp-includes\template-loader.php(132): include()
#1 C:\Users\User\Work\FrontEnd-study\wordpress-repo\wp-projects\e-portfolio\app\public\wp-blog-header.php(19): require_once('C:\\Users\\User\\W...')
#2 C:\Users\User\Work\FrontEnd-study\wordpress-repo\wp-projects\e-portfolio\app\public\index.php(17): require('C:\\Users\\User\\W...')
#3 {main}
  thrown in C:\Users\User\Work\FrontEnd-study\wordpress-repo\wp-projects\e-portfolio\app\public\wp-content\themes\e-portfolio\front-page.php on line 275
